[34m2025-08-31 00:21:09.793[0;39m [WARN] c.z.h.p.HikariPool [HikariPool-1:housekeeper] HikariPool-1 - Thread starvation or clock leap detected (housekeeper delta=1h39m18s810ms423µs100ns).
[34m2025-08-31 12:42:46.093[0;39m [INFO] c.h.f.FastxApplication [main] Starting FastxApplication using Java 21.0.6 with PID 80008 (C:\Users\Kaviya\Desktop\btb\fastx\target\classes started by Kaviya in C:\Users\Kaviya\Desktop\btb\fastx)
[34m2025-08-31 12:42:46.095[0;39m [INFO] c.h.f.FastxApplication [main] No active profile set, falling back to 1 default profile: "default"
[34m2025-08-31 12:42:46.986[0;39m [INFO] o.s.d.r.c.RepositoryConfigurationDelegate [main] Bootstrapping Spring Data JPA repositories in DEFAULT mode.
[34m2025-08-31 12:42:47.086[0;39m [INFO] o.s.d.r.c.RepositoryConfigurationDelegate [main] Finished Spring Data repository scanning in 88 ms. Found 10 JPA repository interfaces.
[34m2025-08-31 12:42:47.627[0;39m [INFO] o.s.b.w.e.t.TomcatWebServer [main] Tomcat initialized with port 8080 (http)
[34m2025-08-31 12:42:47.643[0;39m [INFO] o.a.c.c.StandardService [main] Starting service [Tomcat]
[34m2025-08-31 12:42:47.644[0;39m [INFO] o.a.c.c.StandardEngine [main] Starting Servlet engine: [Apache Tomcat/10.1.43]
[34m2025-08-31 12:42:47.719[0;39m [INFO] o.a.c.c.C.[.[.[/] [main] Initializing Spring embedded WebApplicationContext
[34m2025-08-31 12:42:47.719[0;39m [INFO] o.s.b.w.s.c.ServletWebServerApplicationContext [main] Root WebApplicationContext: initialization completed in 1579 ms
[34m2025-08-31 12:42:47.736[0;39m [ERROR] o.s.b.w.e.t.TomcatStarter [main] Error starting Tomcat context. Exception: org.springframework.beans.factory.UnsatisfiedDependencyException. Message: Error creating bean with name 'jwtAuthFilter': Unsatisfied dependency expressed through field 'userDetailsService': No qualifying bean of type 'org.springframework.security.core.userdetails.UserDetailsService' available: expected single matching bean but found 2: adminDetailsService,userInfoUserDetailsService
[34m2025-08-31 12:42:47.765[0;39m [INFO] o.a.c.c.StandardService [main] Stopping service [Tomcat]
[34m2025-08-31 12:42:47.779[0;39m [WARN] o.s.b.w.s.c.AnnotationConfigServletWebServerApplicationContext [main] Exception encountered during context initialization - cancelling refresh attempt: org.springframework.context.ApplicationContextException: Unable to start web server
[34m2025-08-31 12:42:47.789[0;39m [INFO] o.s.b.a.l.ConditionEvaluationReportLogger [main] 

Error starting ApplicationContext. To display the condition evaluation report re-run your application with 'debug' enabled.
[34m2025-08-31 12:42:47.808[0;39m [ERROR] o.s.b.d.LoggingFailureAnalysisReporter [main] 

***************************
APPLICATION FAILED TO START
***************************

Description:

Field userDetailsService in com.hexaware.fastx.filter.JwtAuthFilter required a single bean, but 2 were found:
	- adminDetailsService: defined in file [C:\Users\Kaviya\Desktop\btb\fastx\target\classes\com\hexaware\fastx\config\AdminDetailsService.class]
	- userInfoUserDetailsService: defined in file [C:\Users\Kaviya\Desktop\btb\fastx\target\classes\com\hexaware\fastx\config\UserInfoUserDetailsService.class]

This may be due to missing parameter name information

Action:

Consider marking one of the beans as @Primary, updating the consumer to accept multiple beans, or using @Qualifier to identify the bean that should be consumed

Ensure that your compiler is configured to use the '-parameters' flag.
You may need to update both your build tool settings as well as your IDE.
(See https://github.com/spring-projects/spring-framework/wiki/Spring-Framework-6.1-Release-Notes#parameter-name-retention)


[34m2025-08-31 12:50:48.268[0;39m [INFO] c.h.f.FastxApplication [main] Starting FastxApplication using Java 21.0.6 with PID 32344 (C:\Users\Kaviya\Desktop\btb\fastx\target\classes started by Kaviya in C:\Users\Kaviya\Desktop\btb\fastx)
[34m2025-08-31 12:50:48.269[0;39m [INFO] c.h.f.FastxApplication [main] No active profile set, falling back to 1 default profile: "default"
[34m2025-08-31 12:50:48.991[0;39m [INFO] o.s.d.r.c.RepositoryConfigurationDelegate [main] Bootstrapping Spring Data JPA repositories in DEFAULT mode.
[34m2025-08-31 12:50:49.069[0;39m [INFO] o.s.d.r.c.RepositoryConfigurationDelegate [main] Finished Spring Data repository scanning in 68 ms. Found 10 JPA repository interfaces.
[34m2025-08-31 12:50:49.519[0;39m [INFO] o.s.b.w.e.t.TomcatWebServer [main] Tomcat initialized with port 8080 (http)
[34m2025-08-31 12:50:49.531[0;39m [INFO] o.a.c.c.StandardService [main] Starting service [Tomcat]
[34m2025-08-31 12:50:49.531[0;39m [INFO] o.a.c.c.StandardEngine [main] Starting Servlet engine: [Apache Tomcat/10.1.43]
[34m2025-08-31 12:50:49.596[0;39m [INFO] o.a.c.c.C.[.[.[/] [main] Initializing Spring embedded WebApplicationContext
[34m2025-08-31 12:50:49.597[0;39m [INFO] o.s.b.w.s.c.ServletWebServerApplicationContext [main] Root WebApplicationContext: initialization completed in 1291 ms
[34m2025-08-31 12:50:49.748[0;39m [INFO] o.h.j.i.u.LogHelper [main] HHH000204: Processing PersistenceUnitInfo [name: default]
[34m2025-08-31 12:50:49.821[0;39m [INFO] o.h.Version [main] HHH000412: Hibernate ORM core version 6.6.22.Final
[34m2025-08-31 12:50:49.881[0;39m [INFO] o.h.c.i.RegionFactoryInitiator [main] HHH000026: Second-level cache disabled
[34m2025-08-31 12:50:50.216[0;39m [INFO] o.s.o.j.p.SpringPersistenceUnitInfo [main] No LoadTimeWeaver setup: ignoring JPA class transformer
[34m2025-08-31 12:50:50.252[0;39m [INFO] c.z.h.HikariDataSource [main] HikariPool-1 - Starting...
[34m2025-08-31 12:50:50.593[0;39m [INFO] c.z.h.p.HikariPool [main] HikariPool-1 - Added connection com.mysql.cj.jdbc.ConnectionImpl@362cf66
[34m2025-08-31 12:50:50.595[0;39m [INFO] c.z.h.HikariDataSource [main] HikariPool-1 - Start completed.
[34m2025-08-31 12:50:50.648[0;39m [WARN] o.h.o.deprecation [main] HHH90000025: MySQL8Dialect does not need to be specified explicitly using 'hibernate.dialect' (remove the property setting and it will be selected by default)
[34m2025-08-31 12:50:50.650[0;39m [WARN] o.h.o.deprecation [main] HHH90000026: MySQL8Dialect has been deprecated; use org.hibernate.dialect.MySQLDialect instead
[34m2025-08-31 12:50:50.669[0;39m [INFO] o.h.o.c.pooling [main] HHH10001005: Database info:
	Database JDBC URL [Connecting through datasource 'HikariDataSource (HikariPool-1)']
	Database driver: undefined/unknown
	Database version: 8.0
	Autocommit mode: undefined/unknown
	Isolation level: undefined/unknown
	Minimum pool size: undefined/unknown
	Maximum pool size: undefined/unknown
[34m2025-08-31 12:50:51.858[0;39m [INFO] o.h.e.t.j.p.i.JtaPlatformInitiator [main] HHH000489: No JTA platform available (set 'hibernate.transaction.jta.platform' to enable JTA platform integration)
[34m2025-08-31 12:50:52.006[0;39m [INFO] o.s.o.j.LocalContainerEntityManagerFactoryBean [main] Initialized JPA EntityManagerFactory for persistence unit 'default'
[34m2025-08-31 12:50:52.413[0;39m [WARN] o.s.s.c.a.a.c.InitializeUserDetailsBeanManagerConfigurer$InitializeUserDetailsManagerConfigurer [main] Found 2 UserDetailsService beans, with names [adminDetailsService, userInfoUserDetailsService]. Global Authentication Manager will not use a UserDetailsService for username/password login. Consider publishing a single UserDetailsService bean.
[34m2025-08-31 12:50:52.510[0;39m [INFO] o.s.d.j.r.q.QueryEnhancerFactory [main] Hibernate is in classpath; If applicable, HQL parser will be used.
[34m2025-08-31 12:50:53.172[0;39m [WARN] o.s.b.a.o.j.JpaBaseConfiguration$JpaWebConfiguration [main] spring.jpa.open-in-view is enabled by default. Therefore, database queries may be performed during view rendering. Explicitly configure spring.jpa.open-in-view to disable this warning
[34m2025-08-31 12:50:53.789[0;39m [INFO] o.s.b.w.e.t.TomcatWebServer [main] Tomcat started on port 8080 (http) with context path '/'
[34m2025-08-31 12:50:53.797[0;39m [INFO] c.h.f.FastxApplication [main] Started FastxApplication in 5.941 seconds (process running for 6.665)
[34m2025-08-31 12:53:51.088[0;39m [INFO] o.a.c.c.C.[.[.[/] [http-nio-8080-exec-1] Initializing Spring DispatcherServlet 'dispatcherServlet'
[34m2025-08-31 12:53:51.090[0;39m [INFO] o.s.w.s.DispatcherServlet [http-nio-8080-exec-1] Initializing Servlet 'dispatcherServlet'
[34m2025-08-31 12:53:51.090[0;39m [INFO] o.s.w.s.DispatcherServlet [http-nio-8080-exec-1] Completed initialization in 0 ms
[34m2025-08-31 13:11:00.208[0;39m [INFO] o.s.b.a.SpringApplicationAdminMXBeanRegistrar$SpringApplicationAdmin [RMI TCP Connection(23)-127.0.0.1] Application shutdown requested.
[34m2025-08-31 13:11:00.212[0;39m [INFO] o.s.b.w.e.t.GracefulShutdown [RMI TCP Connection(23)-127.0.0.1] Commencing graceful shutdown. Waiting for active requests to complete
[34m2025-08-31 13:11:00.218[0;39m [INFO] o.s.b.w.e.t.GracefulShutdown [tomcat-shutdown] Graceful shutdown complete
[34m2025-08-31 13:11:00.226[0;39m [INFO] o.s.o.j.LocalContainerEntityManagerFactoryBean [RMI TCP Connection(23)-127.0.0.1] Closing JPA EntityManagerFactory for persistence unit 'default'
[34m2025-08-31 13:11:00.234[0;39m [INFO] c.z.h.HikariDataSource [RMI TCP Connection(23)-127.0.0.1] HikariPool-1 - Shutdown initiated...
[34m2025-08-31 13:11:00.243[0;39m [INFO] c.z.h.HikariDataSource [RMI TCP Connection(23)-127.0.0.1] HikariPool-1 - Shutdown completed.
[34m2025-08-31 14:09:56.522[0;39m [INFO] c.h.f.FastxApplication [main] Starting FastxApplication using Java 21.0.6 with PID 134620 (C:\Users\Kaviya\Desktop\btb\fastx\target\classes started by Kaviya in C:\Users\Kaviya\Desktop\btb\fastx)
[34m2025-08-31 14:09:56.523[0;39m [INFO] c.h.f.FastxApplication [main] No active profile set, falling back to 1 default profile: "default"
[34m2025-08-31 14:09:57.246[0;39m [INFO] o.s.d.r.c.RepositoryConfigurationDelegate [main] Bootstrapping Spring Data JPA repositories in DEFAULT mode.
[34m2025-08-31 14:09:57.331[0;39m [INFO] o.s.d.r.c.RepositoryConfigurationDelegate [main] Finished Spring Data repository scanning in 76 ms. Found 10 JPA repository interfaces.
[34m2025-08-31 14:09:57.796[0;39m [INFO] o.s.b.w.e.t.TomcatWebServer [main] Tomcat initialized with port 8080 (http)
[34m2025-08-31 14:09:57.809[0;39m [INFO] o.a.c.c.StandardService [main] Starting service [Tomcat]
[34m2025-08-31 14:09:57.810[0;39m [INFO] o.a.c.c.StandardEngine [main] Starting Servlet engine: [Apache Tomcat/10.1.43]
[34m2025-08-31 14:09:57.879[0;39m [INFO] o.a.c.c.C.[.[.[/] [main] Initializing Spring embedded WebApplicationContext
[34m2025-08-31 14:09:57.879[0;39m [INFO] o.s.b.w.s.c.ServletWebServerApplicationContext [main] Root WebApplicationContext: initialization completed in 1319 ms
[34m2025-08-31 14:09:57.998[0;39m [INFO] o.h.j.i.u.LogHelper [main] HHH000204: Processing PersistenceUnitInfo [name: default]
[34m2025-08-31 14:09:58.047[0;39m [INFO] o.h.Version [main] HHH000412: Hibernate ORM core version 6.6.22.Final
[34m2025-08-31 14:09:58.078[0;39m [INFO] o.h.c.i.RegionFactoryInitiator [main] HHH000026: Second-level cache disabled
[34m2025-08-31 14:09:58.320[0;39m [INFO] o.s.o.j.p.SpringPersistenceUnitInfo [main] No LoadTimeWeaver setup: ignoring JPA class transformer
[34m2025-08-31 14:09:58.349[0;39m [INFO] c.z.h.HikariDataSource [main] HikariPool-1 - Starting...
[34m2025-08-31 14:09:58.654[0;39m [INFO] c.z.h.p.HikariPool [main] HikariPool-1 - Added connection com.mysql.cj.jdbc.ConnectionImpl@24dc150c
[34m2025-08-31 14:09:58.657[0;39m [INFO] c.z.h.HikariDataSource [main] HikariPool-1 - Start completed.
[34m2025-08-31 14:09:58.701[0;39m [WARN] o.h.o.deprecation [main] HHH90000025: MySQL8Dialect does not need to be specified explicitly using 'hibernate.dialect' (remove the property setting and it will be selected by default)
[34m2025-08-31 14:09:58.702[0;39m [WARN] o.h.o.deprecation [main] HHH90000026: MySQL8Dialect has been deprecated; use org.hibernate.dialect.MySQLDialect instead
[34m2025-08-31 14:09:58.717[0;39m [INFO] o.h.o.c.pooling [main] HHH10001005: Database info:
	Database JDBC URL [Connecting through datasource 'HikariDataSource (HikariPool-1)']
	Database driver: undefined/unknown
	Database version: 8.0
	Autocommit mode: undefined/unknown
	Isolation level: undefined/unknown
	Minimum pool size: undefined/unknown
	Maximum pool size: undefined/unknown
[34m2025-08-31 14:09:59.702[0;39m [INFO] o.h.e.t.j.p.i.JtaPlatformInitiator [main] HHH000489: No JTA platform available (set 'hibernate.transaction.jta.platform' to enable JTA platform integration)
[34m2025-08-31 14:09:59.835[0;39m [INFO] o.s.o.j.LocalContainerEntityManagerFactoryBean [main] Initialized JPA EntityManagerFactory for persistence unit 'default'
[34m2025-08-31 14:10:00.194[0;39m [WARN] o.s.s.c.a.a.c.InitializeUserDetailsBeanManagerConfigurer$InitializeUserDetailsManagerConfigurer [main] Found 2 UserDetailsService beans, with names [adminDetailsService, userInfoUserDetailsService]. Global Authentication Manager will not use a UserDetailsService for username/password login. Consider publishing a single UserDetailsService bean.
[34m2025-08-31 14:10:00.280[0;39m [INFO] o.s.d.j.r.q.QueryEnhancerFactory [main] Hibernate is in classpath; If applicable, HQL parser will be used.
[34m2025-08-31 14:10:00.826[0;39m [WARN] o.s.b.a.o.j.JpaBaseConfiguration$JpaWebConfiguration [main] spring.jpa.open-in-view is enabled by default. Therefore, database queries may be performed during view rendering. Explicitly configure spring.jpa.open-in-view to disable this warning
[34m2025-08-31 14:10:01.391[0;39m [INFO] o.s.b.w.e.t.TomcatWebServer [main] Tomcat started on port 8080 (http) with context path '/'
[34m2025-08-31 14:10:01.399[0;39m [INFO] c.h.f.FastxApplication [main] Started FastxApplication in 5.302 seconds (process running for 6.052)
[34m2025-08-31 14:10:27.509[0;39m [INFO] o.a.c.c.C.[.[.[/] [http-nio-8080-exec-2] Initializing Spring DispatcherServlet 'dispatcherServlet'
[34m2025-08-31 14:10:27.509[0;39m [INFO] o.s.w.s.DispatcherServlet [http-nio-8080-exec-2] Initializing Servlet 'dispatcherServlet'
[34m2025-08-31 14:10:27.509[0;39m [INFO] o.s.w.s.DispatcherServlet [http-nio-8080-exec-2] Completed initialization in 0 ms
[34m2025-08-31 14:11:14.604[0;39m [INFO] o.s.b.a.SpringApplicationAdminMXBeanRegistrar$SpringApplicationAdmin [RMI TCP Connection(3)-127.0.0.1] Application shutdown requested.
[34m2025-08-31 14:11:14.610[0;39m [INFO] o.s.b.w.e.t.GracefulShutdown [RMI TCP Connection(3)-127.0.0.1] Commencing graceful shutdown. Waiting for active requests to complete
[34m2025-08-31 14:11:14.626[0;39m [INFO] o.s.b.w.e.t.GracefulShutdown [tomcat-shutdown] Graceful shutdown complete
[34m2025-08-31 14:11:14.636[0;39m [INFO] o.s.o.j.LocalContainerEntityManagerFactoryBean [RMI TCP Connection(3)-127.0.0.1] Closing JPA EntityManagerFactory for persistence unit 'default'
[34m2025-08-31 14:11:14.639[0;39m [INFO] c.z.h.HikariDataSource [RMI TCP Connection(3)-127.0.0.1] HikariPool-1 - Shutdown initiated...
[34m2025-08-31 14:11:14.651[0;39m [INFO] c.z.h.HikariDataSource [RMI TCP Connection(3)-127.0.0.1] HikariPool-1 - Shutdown completed.
[34m2025-08-31 14:11:21.824[0;39m [INFO] c.h.f.FastxApplication [main] Starting FastxApplication using Java 21.0.6 with PID 18032 (C:\Users\Kaviya\Desktop\btb\fastx\target\classes started by Kaviya in C:\Users\Kaviya\Desktop\btb\fastx)
[34m2025-08-31 14:11:21.826[0;39m [INFO] c.h.f.FastxApplication [main] No active profile set, falling back to 1 default profile: "default"
[34m2025-08-31 14:11:22.547[0;39m [INFO] o.s.d.r.c.RepositoryConfigurationDelegate [main] Bootstrapping Spring Data JPA repositories in DEFAULT mode.
[34m2025-08-31 14:11:22.627[0;39m [INFO] o.s.d.r.c.RepositoryConfigurationDelegate [main] Finished Spring Data repository scanning in 71 ms. Found 10 JPA repository interfaces.
[34m2025-08-31 14:11:23.116[0;39m [INFO] o.s.b.w.e.t.TomcatWebServer [main] Tomcat initialized with port 8080 (http)
[34m2025-08-31 14:11:23.128[0;39m [INFO] o.a.c.c.StandardService [main] Starting service [Tomcat]
[34m2025-08-31 14:11:23.128[0;39m [INFO] o.a.c.c.StandardEngine [main] Starting Servlet engine: [Apache Tomcat/10.1.43]
[34m2025-08-31 14:11:23.202[0;39m [INFO] o.a.c.c.C.[.[.[/] [main] Initializing Spring embedded WebApplicationContext
[34m2025-08-31 14:11:23.202[0;39m [INFO] o.s.b.w.s.c.ServletWebServerApplicationContext [main] Root WebApplicationContext: initialization completed in 1337 ms
[34m2025-08-31 14:11:23.328[0;39m [INFO] o.h.j.i.u.LogHelper [main] HHH000204: Processing PersistenceUnitInfo [name: default]
[34m2025-08-31 14:11:23.406[0;39m [INFO] o.h.Version [main] HHH000412: Hibernate ORM core version 6.6.22.Final
[34m2025-08-31 14:11:23.439[0;39m [INFO] o.h.c.i.RegionFactoryInitiator [main] HHH000026: Second-level cache disabled
[34m2025-08-31 14:11:23.694[0;39m [INFO] o.s.o.j.p.SpringPersistenceUnitInfo [main] No LoadTimeWeaver setup: ignoring JPA class transformer
[34m2025-08-31 14:11:23.725[0;39m [INFO] c.z.h.HikariDataSource [main] HikariPool-1 - Starting...
[34m2025-08-31 14:11:24.044[0;39m [INFO] c.z.h.p.HikariPool [main] HikariPool-1 - Added connection com.mysql.cj.jdbc.ConnectionImpl@5d74507c
[34m2025-08-31 14:11:24.046[0;39m [INFO] c.z.h.HikariDataSource [main] HikariPool-1 - Start completed.
[34m2025-08-31 14:11:24.097[0;39m [WARN] o.h.o.deprecation [main] HHH90000025: MySQL8Dialect does not need to be specified explicitly using 'hibernate.dialect' (remove the property setting and it will be selected by default)
[34m2025-08-31 14:11:24.098[0;39m [WARN] o.h.o.deprecation [main] HHH90000026: MySQL8Dialect has been deprecated; use org.hibernate.dialect.MySQLDialect instead
[34m2025-08-31 14:11:24.114[0;39m [INFO] o.h.o.c.pooling [main] HHH10001005: Database info:
	Database JDBC URL [Connecting through datasource 'HikariDataSource (HikariPool-1)']
	Database driver: undefined/unknown
	Database version: 8.0
	Autocommit mode: undefined/unknown
	Isolation level: undefined/unknown
	Minimum pool size: undefined/unknown
	Maximum pool size: undefined/unknown
[34m2025-08-31 14:11:25.110[0;39m [INFO] o.h.e.t.j.p.i.JtaPlatformInitiator [main] HHH000489: No JTA platform available (set 'hibernate.transaction.jta.platform' to enable JTA platform integration)
[34m2025-08-31 14:11:25.251[0;39m [INFO] o.s.o.j.LocalContainerEntityManagerFactoryBean [main] Initialized JPA EntityManagerFactory for persistence unit 'default'
[34m2025-08-31 14:11:25.578[0;39m [WARN] o.s.s.c.a.a.c.InitializeUserDetailsBeanManagerConfigurer$InitializeUserDetailsManagerConfigurer [main] Found 2 UserDetailsService beans, with names [adminDetailsService, userInfoUserDetailsService]. Global Authentication Manager will not use a UserDetailsService for username/password login. Consider publishing a single UserDetailsService bean.
[34m2025-08-31 14:11:25.676[0;39m [INFO] o.s.d.j.r.q.QueryEnhancerFactory [main] Hibernate is in classpath; If applicable, HQL parser will be used.
[34m2025-08-31 14:11:26.216[0;39m [WARN] o.s.b.a.o.j.JpaBaseConfiguration$JpaWebConfiguration [main] spring.jpa.open-in-view is enabled by default. Therefore, database queries may be performed during view rendering. Explicitly configure spring.jpa.open-in-view to disable this warning
[34m2025-08-31 14:11:26.796[0;39m [INFO] o.s.b.w.e.t.TomcatWebServer [main] Tomcat started on port 8080 (http) with context path '/'
[34m2025-08-31 14:11:26.806[0;39m [INFO] c.h.f.FastxApplication [main] Started FastxApplication in 5.378 seconds (process running for 5.984)
[34m2025-08-31 14:12:57.266[0;39m [INFO] o.a.c.c.C.[.[.[/] [http-nio-8080-exec-2] Initializing Spring DispatcherServlet 'dispatcherServlet'
[34m2025-08-31 14:12:57.266[0;39m [INFO] o.s.w.s.DispatcherServlet [http-nio-8080-exec-2] Initializing Servlet 'dispatcherServlet'
[34m2025-08-31 14:12:57.273[0;39m [INFO] o.s.w.s.DispatcherServlet [http-nio-8080-exec-2] Completed initialization in 7 ms
[34m2025-08-31 14:27:29.383[0;39m [INFO] o.s.b.a.SpringApplicationAdminMXBeanRegistrar$SpringApplicationAdmin [RMI TCP Connection(19)-127.0.0.1] Application shutdown requested.
[34m2025-08-31 14:27:29.387[0;39m [INFO] o.s.b.w.e.t.GracefulShutdown [RMI TCP Connection(19)-127.0.0.1] Commencing graceful shutdown. Waiting for active requests to complete
[34m2025-08-31 14:27:29.395[0;39m [INFO] o.s.b.w.e.t.GracefulShutdown [tomcat-shutdown] Graceful shutdown complete
[34m2025-08-31 14:27:29.402[0;39m [INFO] o.s.o.j.LocalContainerEntityManagerFactoryBean [RMI TCP Connection(19)-127.0.0.1] Closing JPA EntityManagerFactory for persistence unit 'default'
[34m2025-08-31 14:27:29.405[0;39m [INFO] c.z.h.HikariDataSource [RMI TCP Connection(19)-127.0.0.1] HikariPool-1 - Shutdown initiated...
[34m2025-08-31 14:27:29.413[0;39m [INFO] c.z.h.HikariDataSource [RMI TCP Connection(19)-127.0.0.1] HikariPool-1 - Shutdown completed.
[34m2025-08-31 14:27:36.710[0;39m [INFO] c.h.f.FastxApplication [main] Starting FastxApplication using Java 21.0.6 with PID 137968 (C:\Users\Kaviya\Desktop\btb\fastx\target\classes started by Kaviya in C:\Users\Kaviya\Desktop\btb\fastx)
[34m2025-08-31 14:27:36.711[0;39m [INFO] c.h.f.FastxApplication [main] No active profile set, falling back to 1 default profile: "default"
[34m2025-08-31 14:27:37.454[0;39m [INFO] o.s.d.r.c.RepositoryConfigurationDelegate [main] Bootstrapping Spring Data JPA repositories in DEFAULT mode.
[34m2025-08-31 14:27:37.538[0;39m [INFO] o.s.d.r.c.RepositoryConfigurationDelegate [main] Finished Spring Data repository scanning in 75 ms. Found 10 JPA repository interfaces.
[34m2025-08-31 14:27:37.986[0;39m [INFO] o.s.b.w.e.t.TomcatWebServer [main] Tomcat initialized with port 8080 (http)
[34m2025-08-31 14:27:37.997[0;39m [INFO] o.a.c.c.StandardService [main] Starting service [Tomcat]
[34m2025-08-31 14:27:37.997[0;39m [INFO] o.a.c.c.StandardEngine [main] Starting Servlet engine: [Apache Tomcat/10.1.43]
[34m2025-08-31 14:27:38.068[0;39m [INFO] o.a.c.c.C.[.[.[/] [main] Initializing Spring embedded WebApplicationContext
[34m2025-08-31 14:27:38.068[0;39m [INFO] o.s.b.w.s.c.ServletWebServerApplicationContext [main] Root WebApplicationContext: initialization completed in 1315 ms
[34m2025-08-31 14:27:38.185[0;39m [INFO] o.h.j.i.u.LogHelper [main] HHH000204: Processing PersistenceUnitInfo [name: default]
[34m2025-08-31 14:27:38.259[0;39m [INFO] o.h.Version [main] HHH000412: Hibernate ORM core version 6.6.22.Final
[34m2025-08-31 14:27:38.290[0;39m [INFO] o.h.c.i.RegionFactoryInitiator [main] HHH000026: Second-level cache disabled
[34m2025-08-31 14:27:38.527[0;39m [INFO] o.s.o.j.p.SpringPersistenceUnitInfo [main] No LoadTimeWeaver setup: ignoring JPA class transformer
[34m2025-08-31 14:27:38.555[0;39m [INFO] c.z.h.HikariDataSource [main] HikariPool-1 - Starting...
[34m2025-08-31 14:27:38.857[0;39m [INFO] c.z.h.p.HikariPool [main] HikariPool-1 - Added connection com.mysql.cj.jdbc.ConnectionImpl@fbe8fd3
[34m2025-08-31 14:27:38.858[0;39m [INFO] c.z.h.HikariDataSource [main] HikariPool-1 - Start completed.
[34m2025-08-31 14:27:38.908[0;39m [WARN] o.h.o.deprecation [main] HHH90000025: MySQL8Dialect does not need to be specified explicitly using 'hibernate.dialect' (remove the property setting and it will be selected by default)
[34m2025-08-31 14:27:38.909[0;39m [WARN] o.h.o.deprecation [main] HHH90000026: MySQL8Dialect has been deprecated; use org.hibernate.dialect.MySQLDialect instead
[34m2025-08-31 14:27:38.927[0;39m [INFO] o.h.o.c.pooling [main] HHH10001005: Database info:
	Database JDBC URL [Connecting through datasource 'HikariDataSource (HikariPool-1)']
	Database driver: undefined/unknown
	Database version: 8.0
	Autocommit mode: undefined/unknown
	Isolation level: undefined/unknown
	Minimum pool size: undefined/unknown
	Maximum pool size: undefined/unknown
[34m2025-08-31 14:27:39.915[0;39m [INFO] o.h.e.t.j.p.i.JtaPlatformInitiator [main] HHH000489: No JTA platform available (set 'hibernate.transaction.jta.platform' to enable JTA platform integration)
[34m2025-08-31 14:27:40.044[0;39m [INFO] o.s.o.j.LocalContainerEntityManagerFactoryBean [main] Initialized JPA EntityManagerFactory for persistence unit 'default'
[34m2025-08-31 14:27:40.367[0;39m [WARN] o.s.s.c.a.a.c.InitializeUserDetailsBeanManagerConfigurer$InitializeUserDetailsManagerConfigurer [main] Found 2 UserDetailsService beans, with names [adminDetailsService, userInfoUserDetailsService]. Global Authentication Manager will not use a UserDetailsService for username/password login. Consider publishing a single UserDetailsService bean.
[34m2025-08-31 14:27:40.462[0;39m [INFO] o.s.d.j.r.q.QueryEnhancerFactory [main] Hibernate is in classpath; If applicable, HQL parser will be used.
[34m2025-08-31 14:27:41.010[0;39m [WARN] o.s.b.a.o.j.JpaBaseConfiguration$JpaWebConfiguration [main] spring.jpa.open-in-view is enabled by default. Therefore, database queries may be performed during view rendering. Explicitly configure spring.jpa.open-in-view to disable this warning
[34m2025-08-31 14:27:41.551[0;39m [INFO] o.s.b.w.e.t.TomcatWebServer [main] Tomcat started on port 8080 (http) with context path '/'
[34m2025-08-31 14:27:41.559[0;39m [INFO] c.h.f.FastxApplication [main] Started FastxApplication in 5.233 seconds (process running for 5.814)
[34m2025-08-31 14:30:04.865[0;39m [INFO] o.a.c.c.C.[.[.[/] [http-nio-8080-exec-1] Initializing Spring DispatcherServlet 'dispatcherServlet'
[34m2025-08-31 14:30:04.865[0;39m [INFO] o.s.w.s.DispatcherServlet [http-nio-8080-exec-1] Initializing Servlet 'dispatcherServlet'
[34m2025-08-31 14:30:04.867[0;39m [INFO] o.s.w.s.DispatcherServlet [http-nio-8080-exec-1] Completed initialization in 2 ms
[34m2025-08-31 14:40:55.563[0;39m [INFO] o.s.b.a.SpringApplicationAdminMXBeanRegistrar$SpringApplicationAdmin [RMI TCP Connection(18)-127.0.0.1] Application shutdown requested.
[34m2025-08-31 14:40:55.565[0;39m [INFO] o.s.b.w.e.t.GracefulShutdown [RMI TCP Connection(18)-127.0.0.1] Commencing graceful shutdown. Waiting for active requests to complete
[34m2025-08-31 14:40:55.570[0;39m [INFO] o.s.b.w.e.t.GracefulShutdown [tomcat-shutdown] Graceful shutdown complete
[34m2025-08-31 14:40:55.575[0;39m [INFO] o.s.o.j.LocalContainerEntityManagerFactoryBean [RMI TCP Connection(18)-127.0.0.1] Closing JPA EntityManagerFactory for persistence unit 'default'
[34m2025-08-31 14:40:55.577[0;39m [INFO] c.z.h.HikariDataSource [RMI TCP Connection(18)-127.0.0.1] HikariPool-1 - Shutdown initiated...
[34m2025-08-31 14:40:55.583[0;39m [INFO] c.z.h.HikariDataSource [RMI TCP Connection(18)-127.0.0.1] HikariPool-1 - Shutdown completed.
[34m2025-08-31 14:41:02.447[0;39m [INFO] c.h.f.FastxApplication [main] Starting FastxApplication using Java 21.0.6 with PID 62716 (C:\Users\Kaviya\Desktop\btb\fastx\target\classes started by Kaviya in C:\Users\Kaviya\Desktop\btb\fastx)
[34m2025-08-31 14:41:02.448[0;39m [INFO] c.h.f.FastxApplication [main] No active profile set, falling back to 1 default profile: "default"
[34m2025-08-31 14:41:03.102[0;39m [INFO] o.s.d.r.c.RepositoryConfigurationDelegate [main] Bootstrapping Spring Data JPA repositories in DEFAULT mode.
[34m2025-08-31 14:41:03.178[0;39m [INFO] o.s.d.r.c.RepositoryConfigurationDelegate [main] Finished Spring Data repository scanning in 69 ms. Found 10 JPA repository interfaces.
[34m2025-08-31 14:41:03.574[0;39m [INFO] o.s.b.w.e.t.TomcatWebServer [main] Tomcat initialized with port 8080 (http)
[34m2025-08-31 14:41:03.586[0;39m [INFO] o.a.c.c.StandardService [main] Starting service [Tomcat]
[34m2025-08-31 14:41:03.586[0;39m [INFO] o.a.c.c.StandardEngine [main] Starting Servlet engine: [Apache Tomcat/10.1.43]
[34m2025-08-31 14:41:03.646[0;39m [INFO] o.a.c.c.C.[.[.[/] [main] Initializing Spring embedded WebApplicationContext
[34m2025-08-31 14:41:03.647[0;39m [INFO] o.s.b.w.s.c.ServletWebServerApplicationContext [main] Root WebApplicationContext: initialization completed in 1165 ms
[34m2025-08-31 14:41:03.778[0;39m [INFO] o.h.j.i.u.LogHelper [main] HHH000204: Processing PersistenceUnitInfo [name: default]
[34m2025-08-31 14:41:03.834[0;39m [INFO] o.h.Version [main] HHH000412: Hibernate ORM core version 6.6.22.Final
[34m2025-08-31 14:41:03.865[0;39m [INFO] o.h.c.i.RegionFactoryInitiator [main] HHH000026: Second-level cache disabled
[34m2025-08-31 14:41:04.084[0;39m [INFO] o.s.o.j.p.SpringPersistenceUnitInfo [main] No LoadTimeWeaver setup: ignoring JPA class transformer
[34m2025-08-31 14:41:04.110[0;39m [INFO] c.z.h.HikariDataSource [main] HikariPool-1 - Starting...
[34m2025-08-31 14:41:04.377[0;39m [INFO] c.z.h.p.HikariPool [main] HikariPool-1 - Added connection com.mysql.cj.jdbc.ConnectionImpl@40b54762
[34m2025-08-31 14:41:04.378[0;39m [INFO] c.z.h.HikariDataSource [main] HikariPool-1 - Start completed.
[34m2025-08-31 14:41:04.417[0;39m [WARN] o.h.o.deprecation [main] HHH90000025: MySQL8Dialect does not need to be specified explicitly using 'hibernate.dialect' (remove the property setting and it will be selected by default)
[34m2025-08-31 14:41:04.418[0;39m [WARN] o.h.o.deprecation [main] HHH90000026: MySQL8Dialect has been deprecated; use org.hibernate.dialect.MySQLDialect instead
[34m2025-08-31 14:41:04.431[0;39m [INFO] o.h.o.c.pooling [main] HHH10001005: Database info:
	Database JDBC URL [Connecting through datasource 'HikariDataSource (HikariPool-1)']
	Database driver: undefined/unknown
	Database version: 8.0
	Autocommit mode: undefined/unknown
	Isolation level: undefined/unknown
	Minimum pool size: undefined/unknown
	Maximum pool size: undefined/unknown
[34m2025-08-31 14:41:05.314[0;39m [INFO] o.h.e.t.j.p.i.JtaPlatformInitiator [main] HHH000489: No JTA platform available (set 'hibernate.transaction.jta.platform' to enable JTA platform integration)
[34m2025-08-31 14:41:05.431[0;39m [INFO] o.s.o.j.LocalContainerEntityManagerFactoryBean [main] Initialized JPA EntityManagerFactory for persistence unit 'default'
[34m2025-08-31 14:41:05.740[0;39m [INFO] o.s.s.c.a.a.c.InitializeAuthenticationProviderBeanManagerConfigurer$InitializeAuthenticationProviderManagerConfigurer [main] Found 2 AuthenticationProvider beans, with names [userAuthProvider, adminAuthProvider]. Global Authentication Manager will not be configured with AuthenticationProviders. Consider publishing a single AuthenticationProvider bean, or wiring your Providers directly using the DSL.
[34m2025-08-31 14:41:05.740[0;39m [WARN] o.s.s.c.a.a.c.InitializeUserDetailsBeanManagerConfigurer$InitializeUserDetailsManagerConfigurer [main] Found 2 UserDetailsService beans, with names [adminDetailsService, userInfoUserDetailsService]. Global Authentication Manager will not use a UserDetailsService for username/password login. Consider publishing a single UserDetailsService bean.
[34m2025-08-31 14:41:05.823[0;39m [INFO] o.s.d.j.r.q.QueryEnhancerFactory [main] Hibernate is in classpath; If applicable, HQL parser will be used.
[34m2025-08-31 14:41:06.331[0;39m [WARN] o.s.b.a.o.j.JpaBaseConfiguration$JpaWebConfiguration [main] spring.jpa.open-in-view is enabled by default. Therefore, database queries may be performed during view rendering. Explicitly configure spring.jpa.open-in-view to disable this warning
[34m2025-08-31 14:41:06.838[0;39m [INFO] o.s.b.w.e.t.TomcatWebServer [main] Tomcat started on port 8080 (http) with context path '/'
[34m2025-08-31 14:41:06.845[0;39m [INFO] c.h.f.FastxApplication [main] Started FastxApplication in 4.75 seconds (process running for 5.277)
[34m2025-08-31 14:43:52.494[0;39m [INFO] o.a.c.c.C.[.[.[/] [http-nio-8080-exec-2] Initializing Spring DispatcherServlet 'dispatcherServlet'
[34m2025-08-31 14:43:52.494[0;39m [INFO] o.s.w.s.DispatcherServlet [http-nio-8080-exec-2] Initializing Servlet 'dispatcherServlet'
[34m2025-08-31 14:43:52.497[0;39m [INFO] o.s.w.s.DispatcherServlet [http-nio-8080-exec-2] Completed initialization in 1 ms
[34m2025-08-31 14:58:50.997[0;39m [INFO] o.s.b.a.SpringApplicationAdminMXBeanRegistrar$SpringApplicationAdmin [RMI TCP Connection(22)-127.0.0.1] Application shutdown requested.
[34m2025-08-31 14:58:50.999[0;39m [INFO] o.s.b.w.e.t.GracefulShutdown [RMI TCP Connection(22)-127.0.0.1] Commencing graceful shutdown. Waiting for active requests to complete
[34m2025-08-31 14:58:51.005[0;39m [INFO] o.s.b.w.e.t.GracefulShutdown [tomcat-shutdown] Graceful shutdown complete
[34m2025-08-31 14:58:51.010[0;39m [INFO] o.s.o.j.LocalContainerEntityManagerFactoryBean [RMI TCP Connection(22)-127.0.0.1] Closing JPA EntityManagerFactory for persistence unit 'default'
[34m2025-08-31 14:58:51.011[0;39m [INFO] c.z.h.HikariDataSource [RMI TCP Connection(22)-127.0.0.1] HikariPool-1 - Shutdown initiated...
[34m2025-08-31 14:58:51.018[0;39m [INFO] c.z.h.HikariDataSource [RMI TCP Connection(22)-127.0.0.1] HikariPool-1 - Shutdown completed.
[34m2025-08-31 14:59:00.959[0;39m [INFO] c.h.f.FastxApplication [main] Starting FastxApplication using Java 21.0.6 with PID 125820 (C:\Users\Kaviya\Desktop\btb\fastx\target\classes started by Kaviya in C:\Users\Kaviya\Desktop\btb\fastx)
[34m2025-08-31 14:59:00.961[0;39m [INFO] c.h.f.FastxApplication [main] No active profile set, falling back to 1 default profile: "default"
[34m2025-08-31 14:59:01.625[0;39m [INFO] o.s.d.r.c.RepositoryConfigurationDelegate [main] Bootstrapping Spring Data JPA repositories in DEFAULT mode.
[34m2025-08-31 14:59:01.701[0;39m [INFO] o.s.d.r.c.RepositoryConfigurationDelegate [main] Finished Spring Data repository scanning in 67 ms. Found 10 JPA repository interfaces.
[34m2025-08-31 14:59:02.108[0;39m [INFO] o.s.b.w.e.t.TomcatWebServer [main] Tomcat initialized with port 8080 (http)
[34m2025-08-31 14:59:02.121[0;39m [INFO] o.a.c.c.StandardService [main] Starting service [Tomcat]
[34m2025-08-31 14:59:02.121[0;39m [INFO] o.a.c.c.StandardEngine [main] Starting Servlet engine: [Apache Tomcat/10.1.43]
[34m2025-08-31 14:59:02.184[0;39m [INFO] o.a.c.c.C.[.[.[/] [main] Initializing Spring embedded WebApplicationContext
[34m2025-08-31 14:59:02.184[0;39m [INFO] o.s.b.w.s.c.ServletWebServerApplicationContext [main] Root WebApplicationContext: initialization completed in 1188 ms
[34m2025-08-31 14:59:02.291[0;39m [INFO] o.h.j.i.u.LogHelper [main] HHH000204: Processing PersistenceUnitInfo [name: default]
[34m2025-08-31 14:59:02.356[0;39m [INFO] o.h.Version [main] HHH000412: Hibernate ORM core version 6.6.22.Final
[34m2025-08-31 14:59:02.384[0;39m [INFO] o.h.c.i.RegionFactoryInitiator [main] HHH000026: Second-level cache disabled
[34m2025-08-31 14:59:02.594[0;39m [INFO] o.s.o.j.p.SpringPersistenceUnitInfo [main] No LoadTimeWeaver setup: ignoring JPA class transformer
[34m2025-08-31 14:59:02.620[0;39m [INFO] c.z.h.HikariDataSource [main] HikariPool-1 - Starting...
[34m2025-08-31 14:59:02.892[0;39m [INFO] c.z.h.p.HikariPool [main] HikariPool-1 - Added connection com.mysql.cj.jdbc.ConnectionImpl@1dbc607d
[34m2025-08-31 14:59:02.893[0;39m [INFO] c.z.h.HikariDataSource [main] HikariPool-1 - Start completed.
[34m2025-08-31 14:59:02.935[0;39m [WARN] o.h.o.deprecation [main] HHH90000025: MySQL8Dialect does not need to be specified explicitly using 'hibernate.dialect' (remove the property setting and it will be selected by default)
[34m2025-08-31 14:59:02.936[0;39m [WARN] o.h.o.deprecation [main] HHH90000026: MySQL8Dialect has been deprecated; use org.hibernate.dialect.MySQLDialect instead
[34m2025-08-31 14:59:02.949[0;39m [INFO] o.h.o.c.pooling [main] HHH10001005: Database info:
	Database JDBC URL [Connecting through datasource 'HikariDataSource (HikariPool-1)']
	Database driver: undefined/unknown
	Database version: 8.0
	Autocommit mode: undefined/unknown
	Isolation level: undefined/unknown
	Minimum pool size: undefined/unknown
	Maximum pool size: undefined/unknown
[34m2025-08-31 14:59:03.864[0;39m [INFO] o.h.e.t.j.p.i.JtaPlatformInitiator [main] HHH000489: No JTA platform available (set 'hibernate.transaction.jta.platform' to enable JTA platform integration)
[34m2025-08-31 14:59:03.985[0;39m [INFO] o.s.o.j.LocalContainerEntityManagerFactoryBean [main] Initialized JPA EntityManagerFactory for persistence unit 'default'
[34m2025-08-31 14:59:04.297[0;39m [INFO] o.s.s.c.a.a.c.InitializeUserDetailsBeanManagerConfigurer$InitializeUserDetailsManagerConfigurer [main] Global AuthenticationManager configured with UserDetailsService bean with name customUserDetailsService
[34m2025-08-31 14:59:04.370[0;39m [INFO] o.s.d.j.r.q.QueryEnhancerFactory [main] Hibernate is in classpath; If applicable, HQL parser will be used.
[34m2025-08-31 14:59:04.867[0;39m [WARN] o.s.b.a.o.j.JpaBaseConfiguration$JpaWebConfiguration [main] spring.jpa.open-in-view is enabled by default. Therefore, database queries may be performed during view rendering. Explicitly configure spring.jpa.open-in-view to disable this warning
[34m2025-08-31 14:59:05.402[0;39m [INFO] o.s.b.w.e.t.TomcatWebServer [main] Tomcat started on port 8080 (http) with context path '/'
[34m2025-08-31 14:59:05.409[0;39m [INFO] c.h.f.FastxApplication [main] Started FastxApplication in 4.804 seconds (process running for 5.362)
[34m2025-08-31 15:01:23.453[0;39m [INFO] o.a.c.c.C.[.[.[/] [http-nio-8080-exec-3] Initializing Spring DispatcherServlet 'dispatcherServlet'
[34m2025-08-31 15:01:23.453[0;39m [INFO] o.s.w.s.DispatcherServlet [http-nio-8080-exec-3] Initializing Servlet 'dispatcherServlet'
[34m2025-08-31 15:01:23.454[0;39m [INFO] o.s.w.s.DispatcherServlet [http-nio-8080-exec-3] Completed initialization in 1 ms
[34m2025-08-31 15:02:52.691[0;39m [INFO] c.h.f.r.UserRestController [http-nio-8080-exec-5] Fetching all users
[34m2025-08-31 15:03:01.233[0;39m [INFO] c.h.f.r.UserRestController [http-nio-8080-exec-4] Fetching user by ID: 2
[34m2025-08-31 15:03:43.480[0;39m [INFO] c.h.f.r.BookingRestController [http-nio-8080-exec-7] Fetching all bookings
[34m2025-08-31 15:07:35.452[0;39m [INFO] c.h.f.r.BusRestController [http-nio-8080-exec-6] Fetching all buses
[34m2025-08-31 15:07:49.682[0;39m [INFO] c.h.f.r.BusOperatorRestController [http-nio-8080-exec-7] Fetching all bus operators
[34m2025-08-31 15:08:03.047[0;39m [INFO] o.s.b.a.SpringApplicationAdminMXBeanRegistrar$SpringApplicationAdmin [RMI TCP Connection(12)-127.0.0.1] Application shutdown requested.
[34m2025-08-31 15:08:03.050[0;39m [INFO] o.s.b.w.e.t.GracefulShutdown [RMI TCP Connection(12)-127.0.0.1] Commencing graceful shutdown. Waiting for active requests to complete
[34m2025-08-31 15:08:03.059[0;39m [INFO] o.s.b.w.e.t.GracefulShutdown [tomcat-shutdown] Graceful shutdown complete
[34m2025-08-31 15:08:03.067[0;39m [INFO] o.s.o.j.LocalContainerEntityManagerFactoryBean [RMI TCP Connection(12)-127.0.0.1] Closing JPA EntityManagerFactory for persistence unit 'default'
[34m2025-08-31 15:08:03.070[0;39m [INFO] c.z.h.HikariDataSource [RMI TCP Connection(12)-127.0.0.1] HikariPool-1 - Shutdown initiated...
[34m2025-08-31 15:08:03.080[0;39m [INFO] c.z.h.HikariDataSource [RMI TCP Connection(12)-127.0.0.1] HikariPool-1 - Shutdown completed.
[34m2025-08-31 18:43:35.544[0;39m [INFO] c.h.f.FastxApplication [main] Starting FastxApplication using Java 21.0.6 with PID 43284 (C:\Users\Kaviya\Desktop\btb\fastx\target\classes started by Kaviya in C:\Users\Kaviya\Desktop\btb\fastx)
[34m2025-08-31 18:43:35.547[0;39m [INFO] c.h.f.FastxApplication [main] No active profile set, falling back to 1 default profile: "default"
[34m2025-08-31 18:43:36.312[0;39m [INFO] o.s.d.r.c.RepositoryConfigurationDelegate [main] Bootstrapping Spring Data JPA repositories in DEFAULT mode.
[34m2025-08-31 18:43:36.386[0;39m [INFO] o.s.d.r.c.RepositoryConfigurationDelegate [main] Finished Spring Data repository scanning in 66 ms. Found 10 JPA repository interfaces.
[34m2025-08-31 18:43:36.837[0;39m [INFO] o.s.b.w.e.t.TomcatWebServer [main] Tomcat initialized with port 8080 (http)
[34m2025-08-31 18:43:36.853[0;39m [INFO] o.a.c.c.StandardService [main] Starting service [Tomcat]
[34m2025-08-31 18:43:36.853[0;39m [INFO] o.a.c.c.StandardEngine [main] Starting Servlet engine: [Apache Tomcat/10.1.43]
[34m2025-08-31 18:43:36.917[0;39m [INFO] o.a.c.c.C.[.[.[/] [main] Initializing Spring embedded WebApplicationContext
[34m2025-08-31 18:43:36.917[0;39m [INFO] o.s.b.w.s.c.ServletWebServerApplicationContext [main] Root WebApplicationContext: initialization completed in 1328 ms
[34m2025-08-31 18:43:37.037[0;39m [INFO] o.h.j.i.u.LogHelper [main] HHH000204: Processing PersistenceUnitInfo [name: default]
[34m2025-08-31 18:43:37.119[0;39m [INFO] o.h.Version [main] HHH000412: Hibernate ORM core version 6.6.22.Final
[34m2025-08-31 18:43:37.160[0;39m [INFO] o.h.c.i.RegionFactoryInitiator [main] HHH000026: Second-level cache disabled
[34m2025-08-31 18:43:37.421[0;39m [INFO] o.s.o.j.p.SpringPersistenceUnitInfo [main] No LoadTimeWeaver setup: ignoring JPA class transformer
[34m2025-08-31 18:43:37.455[0;39m [INFO] c.z.h.HikariDataSource [main] HikariPool-1 - Starting...
[34m2025-08-31 18:43:37.775[0;39m [INFO] c.z.h.p.HikariPool [main] HikariPool-1 - Added connection com.mysql.cj.jdbc.ConnectionImpl@16944b58
[34m2025-08-31 18:43:37.776[0;39m [INFO] c.z.h.HikariDataSource [main] HikariPool-1 - Start completed.
[34m2025-08-31 18:43:37.833[0;39m [WARN] o.h.o.deprecation [main] HHH90000025: MySQL8Dialect does not need to be specified explicitly using 'hibernate.dialect' (remove the property setting and it will be selected by default)
[34m2025-08-31 18:43:37.834[0;39m [WARN] o.h.o.deprecation [main] HHH90000026: MySQL8Dialect has been deprecated; use org.hibernate.dialect.MySQLDialect instead
[34m2025-08-31 18:43:37.856[0;39m [INFO] o.h.o.c.pooling [main] HHH10001005: Database info:
	Database JDBC URL [Connecting through datasource 'HikariDataSource (HikariPool-1)']
	Database driver: undefined/unknown
	Database version: 8.0
	Autocommit mode: undefined/unknown
	Isolation level: undefined/unknown
	Minimum pool size: undefined/unknown
	Maximum pool size: undefined/unknown
[34m2025-08-31 18:43:38.872[0;39m [INFO] o.h.e.t.j.p.i.JtaPlatformInitiator [main] HHH000489: No JTA platform available (set 'hibernate.transaction.jta.platform' to enable JTA platform integration)
[34m2025-08-31 18:43:39.067[0;39m [INFO] o.s.o.j.LocalContainerEntityManagerFactoryBean [main] Initialized JPA EntityManagerFactory for persistence unit 'default'
[34m2025-08-31 18:43:39.394[0;39m [INFO] o.s.s.c.a.a.c.InitializeUserDetailsBeanManagerConfigurer$InitializeUserDetailsManagerConfigurer [main] Global AuthenticationManager configured with UserDetailsService bean with name customUserDetailsService
[34m2025-08-31 18:43:39.468[0;39m [INFO] o.s.d.j.r.q.QueryEnhancerFactory [main] Hibernate is in classpath; If applicable, HQL parser will be used.
[34m2025-08-31 18:43:39.971[0;39m [WARN] o.s.b.a.o.j.JpaBaseConfiguration$JpaWebConfiguration [main] spring.jpa.open-in-view is enabled by default. Therefore, database queries may be performed during view rendering. Explicitly configure spring.jpa.open-in-view to disable this warning
[34m2025-08-31 18:43:40.491[0;39m [INFO] o.s.b.w.e.t.TomcatWebServer [main] Tomcat started on port 8080 (http) with context path '/'
[34m2025-08-31 18:43:40.498[0;39m [INFO] c.h.f.FastxApplication [main] Started FastxApplication in 5.365 seconds (process running for 5.964)
[34m2025-08-31 18:47:25.927[0;39m [INFO] o.a.c.c.C.[.[.[/] [http-nio-8080-exec-1] Initializing Spring DispatcherServlet 'dispatcherServlet'
[34m2025-08-31 18:47:25.929[0;39m [INFO] o.s.w.s.DispatcherServlet [http-nio-8080-exec-1] Initializing Servlet 'dispatcherServlet'
[34m2025-08-31 18:47:25.932[0;39m [INFO] o.s.w.s.DispatcherServlet [http-nio-8080-exec-1] Completed initialization in 3 ms
[34m2025-08-31 20:18:24.021[0;39m [WARN] c.z.h.p.HikariPool [HikariPool-1:housekeeper] HikariPool-1 - Thread starvation or clock leap detected (housekeeper delta=1m14s943ms538µs800ns).
[34m2025-08-31 20:42:21.893[0;39m [INFO] o.s.b.a.SpringApplicationAdminMXBeanRegistrar$SpringApplicationAdmin [RMI TCP Connection(121)-127.0.0.1] Application shutdown requested.
[34m2025-08-31 20:42:21.898[0;39m [INFO] o.s.b.w.e.t.GracefulShutdown [RMI TCP Connection(121)-127.0.0.1] Commencing graceful shutdown. Waiting for active requests to complete
[34m2025-08-31 20:42:21.903[0;39m [INFO] o.s.b.w.e.t.GracefulShutdown [tomcat-shutdown] Graceful shutdown complete
[34m2025-08-31 20:42:21.911[0;39m [INFO] o.s.o.j.LocalContainerEntityManagerFactoryBean [RMI TCP Connection(121)-127.0.0.1] Closing JPA EntityManagerFactory for persistence unit 'default'
[34m2025-08-31 20:42:21.913[0;39m [INFO] c.z.h.HikariDataSource [RMI TCP Connection(121)-127.0.0.1] HikariPool-1 - Shutdown initiated...
[34m2025-08-31 20:42:21.919[0;39m [INFO] c.z.h.HikariDataSource [RMI TCP Connection(121)-127.0.0.1] HikariPool-1 - Shutdown completed.
[34m2025-08-31 20:42:28.936[0;39m [INFO] c.h.f.FastxApplication [main] Starting FastxApplication using Java 21.0.6 with PID 62044 (C:\Users\Kaviya\Desktop\btb\fastx\target\classes started by Kaviya in C:\Users\Kaviya\Desktop\btb\fastx)
[34m2025-08-31 20:42:28.937[0;39m [INFO] c.h.f.FastxApplication [main] No active profile set, falling back to 1 default profile: "default"
[34m2025-08-31 20:42:29.674[0;39m [INFO] o.s.d.r.c.RepositoryConfigurationDelegate [main] Bootstrapping Spring Data JPA repositories in DEFAULT mode.
[34m2025-08-31 20:42:29.765[0;39m [INFO] o.s.d.r.c.RepositoryConfigurationDelegate [main] Finished Spring Data repository scanning in 82 ms. Found 10 JPA repository interfaces.
[34m2025-08-31 20:42:30.236[0;39m [INFO] o.s.b.w.e.t.TomcatWebServer [main] Tomcat initialized with port 8080 (http)
[34m2025-08-31 20:42:30.248[0;39m [INFO] o.a.c.c.StandardService [main] Starting service [Tomcat]
[34m2025-08-31 20:42:30.249[0;39m [INFO] o.a.c.c.StandardEngine [main] Starting Servlet engine: [Apache Tomcat/10.1.43]
[34m2025-08-31 20:42:30.320[0;39m [INFO] o.a.c.c.C.[.[.[/] [main] Initializing Spring embedded WebApplicationContext
[34m2025-08-31 20:42:30.320[0;39m [INFO] o.s.b.w.s.c.ServletWebServerApplicationContext [main] Root WebApplicationContext: initialization completed in 1341 ms
[34m2025-08-31 20:42:30.441[0;39m [INFO] o.h.j.i.u.LogHelper [main] HHH000204: Processing PersistenceUnitInfo [name: default]
[34m2025-08-31 20:42:30.506[0;39m [INFO] o.h.Version [main] HHH000412: Hibernate ORM core version 6.6.22.Final
[34m2025-08-31 20:42:30.538[0;39m [INFO] o.h.c.i.RegionFactoryInitiator [main] HHH000026: Second-level cache disabled
[34m2025-08-31 20:42:30.777[0;39m [INFO] o.s.o.j.p.SpringPersistenceUnitInfo [main] No LoadTimeWeaver setup: ignoring JPA class transformer
[34m2025-08-31 20:42:30.805[0;39m [INFO] c.z.h.HikariDataSource [main] HikariPool-1 - Starting...
[34m2025-08-31 20:42:31.116[0;39m [INFO] c.z.h.p.HikariPool [main] HikariPool-1 - Added connection com.mysql.cj.jdbc.ConnectionImpl@5d74507c
[34m2025-08-31 20:42:31.118[0;39m [INFO] c.z.h.HikariDataSource [main] HikariPool-1 - Start completed.
[34m2025-08-31 20:42:31.173[0;39m [WARN] o.h.o.deprecation [main] HHH90000025: MySQL8Dialect does not need to be specified explicitly using 'hibernate.dialect' (remove the property setting and it will be selected by default)
[34m2025-08-31 20:42:31.174[0;39m [WARN] o.h.o.deprecation [main] HHH90000026: MySQL8Dialect has been deprecated; use org.hibernate.dialect.MySQLDialect instead
[34m2025-08-31 20:42:31.204[0;39m [INFO] o.h.o.c.pooling [main] HHH10001005: Database info:
	Database JDBC URL [Connecting through datasource 'HikariDataSource (HikariPool-1)']
	Database driver: undefined/unknown
	Database version: 8.0
	Autocommit mode: undefined/unknown
	Isolation level: undefined/unknown
	Minimum pool size: undefined/unknown
	Maximum pool size: undefined/unknown
[34m2025-08-31 20:42:32.181[0;39m [INFO] o.h.e.t.j.p.i.JtaPlatformInitiator [main] HHH000489: No JTA platform available (set 'hibernate.transaction.jta.platform' to enable JTA platform integration)
[34m2025-08-31 20:42:32.342[0;39m [INFO] o.s.o.j.LocalContainerEntityManagerFactoryBean [main] Initialized JPA EntityManagerFactory for persistence unit 'default'
[34m2025-08-31 20:42:32.693[0;39m [INFO] o.s.s.c.a.a.c.InitializeUserDetailsBeanManagerConfigurer$InitializeUserDetailsManagerConfigurer [main] Global AuthenticationManager configured with UserDetailsService bean with name customUserDetailsService
[34m2025-08-31 20:42:32.786[0;39m [INFO] o.s.d.j.r.q.QueryEnhancerFactory [main] Hibernate is in classpath; If applicable, HQL parser will be used.
[34m2025-08-31 20:42:33.330[0;39m [WARN] o.s.b.a.o.j.JpaBaseConfiguration$JpaWebConfiguration [main] spring.jpa.open-in-view is enabled by default. Therefore, database queries may be performed during view rendering. Explicitly configure spring.jpa.open-in-view to disable this warning
[34m2025-08-31 20:42:33.858[0;39m [INFO] o.s.b.w.e.t.TomcatWebServer [main] Tomcat started on port 8080 (http) with context path '/'
[34m2025-08-31 20:42:33.865[0;39m [INFO] c.h.f.FastxApplication [main] Started FastxApplication in 5.312 seconds (process running for 5.932)
[34m2025-08-31 20:44:42.301[0;39m [INFO] o.a.c.c.C.[.[.[/] [http-nio-8080-exec-1] Initializing Spring DispatcherServlet 'dispatcherServlet'
[34m2025-08-31 20:44:42.301[0;39m [INFO] o.s.w.s.DispatcherServlet [http-nio-8080-exec-1] Initializing Servlet 'dispatcherServlet'
[34m2025-08-31 20:44:42.304[0;39m [INFO] o.s.w.s.DispatcherServlet [http-nio-8080-exec-1] Completed initialization in 3 ms
[34m2025-08-31 20:45:34.636[0;39m [INFO] c.h.f.r.UserRestController [http-nio-8080-exec-6] Fetching logged-in user details for: kaavyagnanasekaran@gmail.com
[34m2025-08-31 20:45:34.683[0;39m [INFO] c.h.f.r.BookingRestController [http-nio-8080-exec-8] Fetching bookings for logged-in user: kaavyagnanasekaran@gmail.com
[34m2025-08-31 20:45:46.179[0;39m [INFO] c.h.f.r.UserRestController [http-nio-8080-exec-10] Fetching logged-in user details for: kaavyagnanasekaran@gmail.com
[34m2025-08-31 20:45:46.205[0;39m [INFO] c.h.f.r.BookingRestController [http-nio-8080-exec-1] Fetching bookings for logged-in user: kaavyagnanasekaran@gmail.com
[34m2025-08-31 20:45:56.875[0;39m [INFO] c.h.f.r.UserRestController [http-nio-8080-exec-3] Fetching logged-in user details for: kaavyagnanasekaran@gmail.com
[34m2025-08-31 20:45:56.949[0;39m [INFO] c.h.f.r.BookingRestController [http-nio-8080-exec-4] Fetching bookings for logged-in user: kaavyagnanasekaran@gmail.com
[34m2025-08-31 20:47:35.261[0;39m [INFO] c.h.f.r.UserRestController [http-nio-8080-exec-6] Fetching logged-in user details for: kaavyagnanasekaran@gmail.com
[34m2025-08-31 20:47:35.287[0;39m [INFO] c.h.f.r.BookingRestController [http-nio-8080-exec-7] Fetching bookings for logged-in user: kaavyagnanasekaran@gmail.com
[34m2025-08-31 20:47:58.722[0;39m [INFO] c.h.f.r.UserRestController [http-nio-8080-exec-9] Fetching logged-in user details for: kaavyagnanasekaran@gmail.com
[34m2025-08-31 20:47:58.807[0;39m [INFO] c.h.f.r.BookingRestController [http-nio-8080-exec-10] Fetching bookings for logged-in user: kaavyagnanasekaran@gmail.com
[34m2025-08-31 20:56:55.083[0;39m [INFO] c.h.f.r.UserRestController [http-nio-8080-exec-3] Fetching logged-in user details for: kaavyagnanasekaran@gmail.com
[34m2025-08-31 20:56:55.101[0;39m [INFO] c.h.f.r.BookingRestController [http-nio-8080-exec-4] Fetching bookings for logged-in user: kaavyagnanasekaran@gmail.com
[34m2025-08-31 21:05:26.667[0;39m [INFO] c.h.f.r.UserRestController [http-nio-8080-exec-7] Fetching logged-in user details for: kaavyagnanasekaran@gmail.com
[34m2025-08-31 21:05:26.699[0;39m [INFO] c.h.f.r.BookingRestController [http-nio-8080-exec-8] Fetching bookings for logged-in user: kaavyagnanasekaran@gmail.com
[34m2025-08-31 21:05:29.469[0;39m [INFO] c.h.f.r.BookingRestController [http-nio-8080-exec-9] Fetching bookings for logged-in user: kaavyagnanasekaran@gmail.com
[34m2025-08-31 21:06:13.017[0;39m [INFO] c.h.f.r.UserRestController [http-nio-8080-exec-1] Fetching logged-in user details for: kaavyagnanasekaran@gmail.com
[34m2025-08-31 21:06:13.049[0;39m [INFO] c.h.f.r.BookingRestController [http-nio-8080-exec-2] Fetching bookings for logged-in user: kaavyagnanasekaran@gmail.com
[34m2025-08-31 21:14:19.361[0;39m [INFO] c.h.f.r.UserRestController [http-nio-8080-exec-4] Fetching logged-in user details for: kaavyagnanasekaran@gmail.com
[34m2025-08-31 21:14:19.847[0;39m [INFO] c.h.f.r.BookingRestController [http-nio-8080-exec-5] Fetching bookings for logged-in user: kaavyagnanasekaran@gmail.com
[34m2025-08-31 21:14:23.414[0;39m [INFO] c.h.f.r.BookingRestController [http-nio-8080-exec-6] Fetching bookings for logged-in user: kaavyagnanasekaran@gmail.com
[34m2025-08-31 21:18:36.475[0;39m [INFO] c.h.f.r.UserRestController [http-nio-8080-exec-5] Fetching logged-in user details for: kaavyagnanasekaran@gmail.com
[34m2025-08-31 21:18:36.508[0;39m [INFO] c.h.f.r.BookingRestController [http-nio-8080-exec-7] Fetching bookings for logged-in user: kaavyagnanasekaran@gmail.com
[34m2025-08-31 21:38:55.566[0;39m [INFO] c.h.f.r.UserRestController [http-nio-8080-exec-9] Fetching logged-in user details for: kaavyagnanasekaran@gmail.com
[34m2025-08-31 21:38:55.599[0;39m [INFO] c.h.f.r.BookingRestController [http-nio-8080-exec-10] Fetching bookings for logged-in user: kaavyagnanasekaran@gmail.com
[34m2025-08-31 21:43:20.368[0;39m [INFO] c.h.f.r.BusRestController [http-nio-8080-exec-4] Fetching all buses
[34m2025-08-31 21:43:44.351[0;39m [INFO] c.h.f.r.BusRestController [http-nio-8080-exec-7] Fetching all buses
[34m2025-08-31 21:55:24.356[0;39m [INFO] c.h.f.r.BusRestController [http-nio-8080-exec-9] Fetching all buses
[34m2025-08-31 21:56:03.345[0;39m [INFO] c.h.f.r.BusRestController [http-nio-8080-exec-2] Fetching all buses
[34m2025-08-31 21:56:11.304[0;39m [INFO] c.h.f.r.BusRestController [http-nio-8080-exec-5] Fetching all buses
[34m2025-08-31 21:56:17.962[0;39m [INFO] c.h.f.r.BusRestController [http-nio-8080-exec-7] Fetching all buses
[34m2025-08-31 21:56:20.971[0;39m [INFO] c.h.f.r.BusRestController [http-nio-8080-exec-10] Fetching all buses
[34m2025-08-31 21:57:01.004[0;39m [INFO] c.h.f.r.BusRestController [http-nio-8080-exec-3] Fetching all buses
[34m2025-08-31 21:57:04.364[0;39m [INFO] c.h.f.r.BusRestController [http-nio-8080-exec-5] Fetching all buses
[34m2025-08-31 21:57:07.106[0;39m [INFO] c.h.f.r.BookingRestController [http-nio-8080-exec-8] Fetching bookings for logged-in user: kaavyagnanasekaran@gmail.com
[34m2025-08-31 21:57:15.626[0;39m [INFO] c.h.f.r.BusRestController [http-nio-8080-exec-10] Fetching all buses
[34m2025-08-31 21:57:28.405[0;39m [INFO] c.h.f.r.BusRestController [http-nio-8080-exec-3] Fetching all buses
[34m2025-08-31 21:59:10.269[0;39m [INFO] c.h.f.r.BusRestController [http-nio-8080-exec-6] Fetching all buses
[34m2025-08-31 21:59:14.932[0;39m [INFO] c.h.f.r.BookingRestController [http-nio-8080-exec-9] Fetching bookings for logged-in user: kaavyagnanasekaran@gmail.com
[34m2025-08-31 21:59:16.145[0;39m [INFO] c.h.f.r.BusRestController [http-nio-8080-exec-10] Fetching all buses
[34m2025-08-31 22:00:19.557[0;39m [INFO] c.h.f.r.UserRestController [http-nio-8080-exec-6] Fetching logged-in user details for: joey@example.com
[34m2025-08-31 22:00:19.578[0;39m [INFO] c.h.f.r.BookingRestController [http-nio-8080-exec-7] Fetching bookings for logged-in user: joey@example.com
[34m2025-08-31 22:00:28.251[0;39m [INFO] c.h.f.r.UserRestController [http-nio-8080-exec-9] Fetching logged-in user details for: joey@example.com
[34m2025-08-31 22:00:28.280[0;39m [INFO] c.h.f.r.BookingRestController [http-nio-8080-exec-10] Fetching bookings for logged-in user: joey@example.com
[34m2025-08-31 22:00:33.960[0;39m [INFO] c.h.f.r.UserRestController [http-nio-8080-exec-2] Fetching logged-in user details for: joey@example.com
[34m2025-08-31 22:00:34.006[0;39m [INFO] c.h.f.r.BookingRestController [http-nio-8080-exec-3] Fetching bookings for logged-in user: joey@example.com
[34m2025-08-31 22:00:35.917[0;39m [INFO] c.h.f.r.BookingRestController [http-nio-8080-exec-4] Fetching bookings for logged-in user: joey@example.com
[34m2025-08-31 22:00:41.972[0;39m [INFO] c.h.f.r.BookingRestController [http-nio-8080-exec-6] Fetching bookings for logged-in user: joey@example.com
[34m2025-08-31 22:00:43.615[0;39m [INFO] c.h.f.r.UserRestController [http-nio-8080-exec-7] Fetching logged-in user details for: joey@example.com
[34m2025-08-31 22:00:43.634[0;39m [INFO] c.h.f.r.BookingRestController [http-nio-8080-exec-8] Fetching bookings for logged-in user: joey@example.com
[34m2025-08-31 22:00:45.283[0;39m [INFO] c.h.f.r.BusRestController [http-nio-8080-exec-9] Fetching all buses
[34m2025-08-31 22:00:47.180[0;39m [INFO] c.h.f.r.UserRestController [http-nio-8080-exec-1] Fetching logged-in user details for: joey@example.com
[34m2025-08-31 22:00:47.200[0;39m [INFO] c.h.f.r.BookingRestController [http-nio-8080-exec-2] Fetching bookings for logged-in user: joey@example.com
[34m2025-08-31 22:02:27.144[0;39m [INFO] c.h.f.r.UserRestController [http-nio-8080-exec-10] Fetching logged-in user details for: bing@example.com
[34m2025-08-31 22:02:27.162[0;39m [INFO] c.h.f.r.BookingRestController [http-nio-8080-exec-1] Fetching bookings for logged-in user: bing@example.com
[34m2025-08-31 22:02:36.987[0;39m [INFO] c.h.f.r.UserRestController [http-nio-8080-exec-3] Fetching logged-in user details for: bing@example.com
[34m2025-08-31 22:02:37.029[0;39m [INFO] c.h.f.r.BookingRestController [http-nio-8080-exec-4] Fetching bookings for logged-in user: bing@example.com
[34m2025-08-31 22:02:46.184[0;39m [INFO] c.h.f.r.UserRestController [http-nio-8080-exec-6] Fetching logged-in user details for: bing@example.com
[34m2025-08-31 22:02:46.224[0;39m [INFO] c.h.f.r.BookingRestController [http-nio-8080-exec-7] Fetching bookings for logged-in user: bing@example.com
[34m2025-08-31 22:02:52.027[0;39m [INFO] c.h.f.r.UserRestController [http-nio-8080-exec-1] Fetching logged-in user details for: kaavyagnanasekaran@gmail.com
[34m2025-08-31 22:02:52.043[0;39m [INFO] c.h.f.r.BookingRestController [http-nio-8080-exec-2] Fetching bookings for logged-in user: kaavyagnanasekaran@gmail.com
[34m2025-08-31 22:03:49.675[0;39m [INFO] c.h.f.r.UserRestController [http-nio-8080-exec-4] Fetching logged-in user details for: kaavyagnanasekaran@gmail.com
[34m2025-08-31 22:03:49.720[0;39m [INFO] c.h.f.r.BookingRestController [http-nio-8080-exec-5] Fetching bookings for logged-in user: kaavyagnanasekaran@gmail.com
[34m2025-08-31 22:03:50.753[0;39m [INFO] c.h.f.r.BusRestController [http-nio-8080-exec-6] Fetching all buses
[34m2025-08-31 22:03:52.744[0;39m [INFO] c.h.f.r.BusRestController [http-nio-8080-exec-9] Fetching all buses
[34m2025-08-31 22:03:55.141[0;39m [INFO] c.h.f.r.BusRestController [http-nio-8080-exec-1] Fetching all buses
[34m2025-08-31 22:04:57.039[0;39m [INFO] o.s.b.a.SpringApplicationAdminMXBeanRegistrar$SpringApplicationAdmin [RMI TCP Connection(86)-127.0.0.1] Application shutdown requested.
[34m2025-08-31 22:04:57.046[0;39m [INFO] o.s.b.w.e.t.GracefulShutdown [RMI TCP Connection(86)-127.0.0.1] Commencing graceful shutdown. Waiting for active requests to complete
[34m2025-08-31 22:04:57.053[0;39m [INFO] o.s.b.w.e.t.GracefulShutdown [tomcat-shutdown] Graceful shutdown complete
[34m2025-08-31 22:04:57.060[0;39m [INFO] o.s.o.j.LocalContainerEntityManagerFactoryBean [RMI TCP Connection(86)-127.0.0.1] Closing JPA EntityManagerFactory for persistence unit 'default'
[34m2025-08-31 22:04:57.060[0;39m [INFO] c.z.h.HikariDataSource [RMI TCP Connection(86)-127.0.0.1] HikariPool-1 - Shutdown initiated...
[34m2025-08-31 22:04:57.067[0;39m [INFO] c.z.h.HikariDataSource [RMI TCP Connection(86)-127.0.0.1] HikariPool-1 - Shutdown completed.
